#
# A fatal error has been detected by the Java Runtime Environment:
#
#  EXCEPTION_ACCESS_VIOLATION (0xc0000005) at pc=0x78aa2008, pid=504, tid=748
#
# JRE version: Java(TM) SE Runtime Environment (7.0_79-b15) (build 1.7.0_79-b15)
# Java VM: Java HotSpot(TM) Client VM (24.79-b02 mixed mode, sharing windows-x86 )
# Problematic frame:
# C  [msvcr100.dll+0x2008]
#
# Failed to write core dump. Minidumps are not enabled by default on client versions of Windows
#
# If you would like to submit a bug report, please visit:
#   http://bugreport.java.com/bugreport/crash.jsp
# The crash happened outside the Java Virtual Machine in native code.
# See problematic frame for where to report the bug.
#

---------------  T H R E A D  ---------------

Current thread (0x0305c400):  JavaThread "AWT-EventQueue-0" [_thread_in_native, id=748, stack(0x09290000,0x092e0000)]

siginfo: ExceptionCode=0xc0000005, reading address 0x03102000

Registers:
EAX=0x00000008, EBX=0x00000000, ECX=0x00000002, EDX=0x00000001
ESP=0x092de7ac, EBP=0x092de7b4, ESI=0x03102000, EDI=0x030c9368
EIP=0x78aa2008, EFLAGS=0x00010202

Top of Stack: (sp=0x092de7ac)
0x092de7ac:   0305c530 09e00708 092de7e8 6d6c1507
0x092de7bc:   030c9360 03101ff8 00000009 0305c400
0x092de7cc:   2aa83d90 2aa83d90 030e1000 0305dce0
0x092de7dc:   03101ff8 03059d48 00000001 092de848
0x092de7ec:   0091aabd 030c9360 092de87c 03203178
0x092de7fc:   00000000 00000001 092de86c 030c9360
0x092de80c:   00000009 00000000 092de85c 092de858
0x092de81c:   00000001 0305c400 0305c400 092de828 

Instructions: (pc=0x78aa2008)
0x78aa1fe8:   24 95 f0 1f aa 78 8b ff 00 20 aa 78 08 20 aa 78
0x78aa1ff8:   14 20 aa 78 28 20 aa 78 8b 45 08 5e 5f c9 c3 90
0x78aa2008:   8a 06 88 07 8b 45 08 5e 5f c9 c3 90 8a 06 88 07
0x78aa2018:   8a 46 01 88 47 01 8b 45 08 5e 5f c9 c3 8d 49 00 


Register to memory mapping:

EAX=0x00000008 is an unknown value
EBX=0x00000000 is an unknown value
ECX=0x00000002 is an unknown value
EDX=0x00000001 is an unknown value
ESP=0x092de7ac is pointing into the stack for thread: 0x0305c400
EBP=0x092de7b4 is pointing into the stack for thread: 0x0305c400
ESI=0x03102000 is an unknown value
EDI=0x030c9368 is an unknown value


Stack: [0x09290000,0x092e0000],  sp=0x092de7ac,  free space=313k
Native frames: (J=compiled Java code, j=interpreted, Vv=VM code, C=native code)
C  [msvcr100.dll+0x2008]
C  [JdbcOdbc.dll+0x1507]
j  sun.jdbc.odbc.JdbcOdbc.bindColBinary(JI[Ljava/lang/Object;[BI[B[J[B)V+0
j  sun.jdbc.odbc.JdbcOdbc.SQLBindColBinary(JI[Ljava/lang/Object;[BI[B[J)V+65
j  sun.jdbc.odbc.JdbcOdbcResultSet.bindBinaryCol(I[Ljava/lang/Object;[BI)V+62
j  sun.jdbc.odbc.JdbcOdbcResultSet.bindCol(II)V+478
j  sun.jdbc.odbc.JdbcOdbcResultSet.insertRow()V+29
j  frm3.actionPerformed(Ljava/awt/event/ActionEvent;)V+126
j  javax.swing.AbstractButton.fireActionPerformed(Ljava/awt/event/ActionEvent;)V+84
j  javax.swing.AbstractButton$Handler.actionPerformed(Ljava/awt/event/ActionEvent;)V+5
j  javax.swing.DefaultButtonModel.fireActionPerformed(Ljava/awt/event/ActionEvent;)V+35
j  javax.swing.DefaultButtonModel.setPressed(Z)V+117
j  javax.swing.plaf.basic.BasicButtonListener.mouseReleased(Ljava/awt/event/MouseEvent;)V+35
j  java.awt.Component.processMouseEvent(Ljava/awt/event/MouseEvent;)V+64
j  javax.swing.JComponent.processMouseEvent(Ljava/awt/event/MouseEvent;)V+23
j  java.awt.Component.processEvent(Ljava/awt/AWTEvent;)V+81
j  java.awt.Container.processEvent(Ljava/awt/AWTEvent;)V+18
J 639 C1 java.awt.Component.dispatchEventImpl(Ljava/awt/AWTEvent;)V (875 bytes) @ 0x00a73b44 [0x00a72db0+0xd94]
J 563 C1 java.awt.Container.dispatchEventImpl(Ljava/awt/AWTEvent;)V (129 bytes) @ 0x00a4f77c [0x00a4f720+0x5c]
J 502 C1 java.awt.LightweightDispatcher.retargetMouseEvent(Ljava/awt/Component;ILjava/awt/event/MouseEvent;)V (350 bytes) @ 0x00a3d8c4 [0x00a3d2c0+0x604]
J 685 C1 java.awt.LightweightDispatcher.processMouseEvent(Ljava/awt/event/MouseEvent;)Z (276 bytes) @ 0x00a8a658 [0x00a8a2a0+0x3b8]
J 667 C1 java.awt.LightweightDispatcher.dispatchEvent(Ljava/awt/AWTEvent;)Z (73 bytes) @ 0x00a7fa5c [0x00a7f970+0xec]
J 563 C1 java.awt.Container.dispatchEventImpl(Ljava/awt/AWTEvent;)V (129 bytes) @ 0x00a4f760 [0x00a4f720+0x40]
J 663 C1 java.awt.Window.dispatchEventImpl(Ljava/awt/AWTEvent;)V (23 bytes) @ 0x00a7e908 [0x00a7e800+0x108]
J 355 C1 java.awt.EventQueue.dispatchEventImpl(Ljava/awt/AWTEvent;Ljava/lang/Object;)V (149 bytes) @ 0x00a0fc50 [0x00a0f7f0+0x460]
J 352 C1 java.awt.EventQueue$3.run()Ljava/lang/Object; (5 bytes) @ 0x00a0f000 [0x00a0efd0+0x30]
v  ~StubRoutines::call_stub
V  [jvm.dll+0x14234a]
V  [jvm.dll+0x206ebe]
V  [jvm.dll+0x1423cd]
V  [jvm.dll+0xfc6aa]
C  [java.dll+0x102f]
J 321 C1 java.security.ProtectionDomain$1.doIntersectionPrivilege(Ljava/security/PrivilegedAction;Ljava/security/AccessControlContext;Ljava/security/AccessControlContext;)Ljava/lang/Object; (32 bytes) @ 0x00a07a50 [0x00a079b0+0xa0]
J 557 C1 java.awt.EventQueue$4.run()Ljava/lang/Object; (5 bytes) @ 0x00a4d628 [0x00a4d570+0xb8]
v  ~StubRoutines::call_stub
V  [jvm.dll+0x14234a]
V  [jvm.dll+0x206ebe]
V  [jvm.dll+0x1423cd]
V  [jvm.dll+0xfc6aa]
C  [java.dll+0x102f]
J 349 C1 java.awt.EventQueue.dispatchEvent(Ljava/awt/AWTEvent;)V (80 bytes) @ 0x00a0e1b0 [0x00a0df00+0x2b0]
J 295 C1 java.awt.EventDispatchThread.pumpOneEventForFilters(I)V (295 bytes) @ 0x00a014ac [0x00a00e10+0x69c]
j  java.awt.EventDispatchThread.pumpEventsForFilter(ILjava/awt/Conditional;Ljava/awt/EventFilter;)V+35
j  java.awt.EventDispatchThread.pumpEventsForHierarchy(ILjava/awt/Conditional;Ljava/awt/Component;)V+11
j  java.awt.EventDispatchThread.pumpEvents(ILjava/awt/Conditional;)V+4
j  java.awt.EventDispatchThread.pumpEvents(Ljava/awt/Conditional;)V+3
j  java.awt.EventDispatchThread.run()V+9
v  ~StubRoutines::call_stub
V  [jvm.dll+0x14234a]
V  [jvm.dll+0x206ebe]
V  [jvm.dll+0x142515]
V  [jvm.dll+0x142577]
V  [jvm.dll+0xed3df]
V  [jvm.dll+0x1636ec]
V  [jvm.dll+0x164147]
V  [jvm.dll+0x1a8d99]
C  [msvcr100.dll+0x5c556]
C  [msvcr100.dll+0x5c600]
C  [kernel32.dll+0xb729]

Java frames: (J=compiled Java code, j=interpreted, Vv=VM code)
j  sun.jdbc.odbc.JdbcOdbc.bindColBinary(JI[Ljava/lang/Object;[BI[B[J[B)V+0
j  sun.jdbc.odbc.JdbcOdbc.SQLBindColBinary(JI[Ljava/lang/Object;[BI[B[J)V+65
j  sun.jdbc.odbc.JdbcOdbcResultSet.bindBinaryCol(I[Ljava/lang/Object;[BI)V+62
j  sun.jdbc.odbc.JdbcOdbcResultSet.bindCol(II)V+478
j  sun.jdbc.odbc.JdbcOdbcResultSet.insertRow()V+29
j  frm3.actionPerformed(Ljava/awt/event/ActionEvent;)V+126
j  javax.swing.AbstractButton.fireActionPerformed(Ljava/awt/event/ActionEvent;)V+84
j  javax.swing.AbstractButton$Handler.actionPerformed(Ljava/awt/event/ActionEvent;)V+5
j  javax.swing.DefaultButtonModel.fireActionPerformed(Ljava/awt/event/ActionEvent;)V+35
j  javax.swing.DefaultButtonModel.setPressed(Z)V+117
j  javax.swing.plaf.basic.BasicButtonListener.mouseReleased(Ljava/awt/event/MouseEvent;)V+35
j  java.awt.Component.processMouseEvent(Ljava/awt/event/MouseEvent;)V+64
j  javax.swing.JComponent.processMouseEvent(Ljava/awt/event/MouseEvent;)V+23
j  java.awt.Component.processEvent(Ljava/awt/AWTEvent;)V+81
j  java.awt.Container.processEvent(Ljava/awt/AWTEvent;)V+18
J 639 C1 java.awt.Component.dispatchEventImpl(Ljava/awt/AWTEvent;)V (875 bytes) @ 0x00a73b44 [0x00a72db0+0xd94]
J 563 C1 java.awt.Container.dispatchEventImpl(Ljava/awt/AWTEvent;)V (129 bytes) @ 0x00a4f77c [0x00a4f720+0x5c]
J 502 C1 java.awt.LightweightDispatcher.retargetMouseEvent(Ljava/awt/Component;ILjava/awt/event/MouseEvent;)V (350 bytes) @ 0x00a3d8c4 [0x00a3d2c0+0x604]
J 685 C1 java.awt.LightweightDispatcher.processMouseEvent(Ljava/awt/event/MouseEvent;)Z (276 bytes) @ 0x00a8a658 [0x00a8a2a0+0x3b8]
J 667 C1 java.awt.LightweightDispatcher.dispatchEvent(Ljava/awt/AWTEvent;)Z (73 bytes) @ 0x00a7fa5c [0x00a7f970+0xec]
J 563 C1 java.awt.Container.dispatchEventImpl(Ljava/awt/AWTEvent;)V (129 bytes) @ 0x00a4f760 [0x00a4f720+0x40]
J 663 C1 java.awt.Window.dispatchEventImpl(Ljava/awt/AWTEvent;)V (23 bytes) @ 0x00a7e908 [0x00a7e800+0x108]
J 355 C1 java.awt.EventQueue.dispatchEventImpl(Ljava/awt/AWTEvent;Ljava/lang/Object;)V (149 bytes) @ 0x00a0fc50 [0x00a0f7f0+0x460]
J 352 C1 java.awt.EventQueue$3.run()Ljava/lang/Object; (5 bytes) @ 0x00a0f000 [0x00a0efd0+0x30]
v  ~StubRoutines::call_stub
J 313  java.security.AccessController.doPrivileged(Ljava/security/PrivilegedAction;Ljava/security/AccessControlContext;)Ljava/lang/Object; (0 bytes) @ 0x00a06587 [0x00a06520+0x67]
J 321 C1 java.security.ProtectionDomain$1.doIntersectionPrivilege(Ljava/security/PrivilegedAction;Ljava/security/AccessControlContext;Ljava/security/AccessControlContext;)Ljava/lang/Object; (32 bytes) @ 0x00a07a50 [0x00a079b0+0xa0]
J 557 C1 java.awt.EventQueue$4.run()Ljava/lang/Object; (5 bytes) @ 0x00a4d628 [0x00a4d570+0xb8]
v  ~StubRoutines::call_stub
J 313  java.security.AccessController.doPrivileged(Ljava/security/PrivilegedAction;Ljava/security/AccessControlContext;)Ljava/lang/Object; (0 bytes) @ 0x00a06587 [0x00a06520+0x67]
J 349 C1 java.awt.EventQueue.dispatchEvent(Ljava/awt/AWTEvent;)V (80 bytes) @ 0x00a0e1b0 [0x00a0df00+0x2b0]
J 295 C1 java.awt.EventDispatchThread.pumpOneEventForFilters(I)V (295 bytes) @ 0x00a014ac [0x00a00e10+0x69c]
j  java.awt.EventDispatchThread.pumpEventsForFilter(ILjava/awt/Conditional;Ljava/awt/EventFilter;)V+35
j  java.awt.EventDispatchThread.pumpEventsForHierarchy(ILjava/awt/Conditional;Ljava/awt/Component;)V+11
j  java.awt.EventDispatchThread.pumpEvents(ILjava/awt/Conditional;)V+4
j  java.awt.EventDispatchThread.pumpEvents(Ljava/awt/Conditional;)V+3
j  java.awt.EventDispatchThread.run()V+9
v  ~StubRoutines::call_stub

---------------  P R O C E S S  ---------------

Java Threads: ( => current thread )
  0x03096000 JavaThread "TimerQueue" daemon [_thread_blocked, id=1448, stack(0x095a0000,0x095f0000)]
  0x003e9800 JavaThread "DestroyJavaVM" [_thread_blocked, id=380, stack(0x00890000,0x008e0000)]
=>0x0305c400 JavaThread "AWT-EventQueue-0" [_thread_in_native, id=748, stack(0x09290000,0x092e0000)]
  0x02a50400 JavaThread "AWT-Windows" daemon [_thread_in_native, id=180, stack(0x02f10000,0x02f60000)]
  0x02a4ec00 JavaThread "AWT-Shutdown" [_thread_blocked, id=196, stack(0x02ec0000,0x02f10000)]
  0x02a4dc00 JavaThread "Java2D Disposer" daemon [_thread_blocked, id=1900, stack(0x02e70000,0x02ec0000)]
  0x02a21000 JavaThread "Service Thread" daemon [_thread_blocked, id=528, stack(0x02dd0000,0x02e20000)]
  0x02a1e800 JavaThread "C1 CompilerThread0" daemon [_thread_blocked, id=128, stack(0x02d80000,0x02dd0000)]
  0x02a19800 JavaThread "Attach Listener" daemon [_thread_blocked, id=1564, stack(0x02d30000,0x02d80000)]
  0x02a18400 JavaThread "Signal Dispatcher" daemon [_thread_blocked, id=772, stack(0x02ce0000,0x02d30000)]
  0x029b0400 JavaThread "Finalizer" daemon [_thread_blocked, id=1348, stack(0x02c90000,0x02ce0000)]
  0x029ab400 JavaThread "Reference Handler" daemon [_thread_blocked, id=1260, stack(0x02c40000,0x02c90000)]

Other Threads:
  0x029a9800 VMThread [stack: 0x02bf0000,0x02c40000] [id=1276]
  0x02a2d000 WatcherThread [stack: 0x02e20000,0x02e70000] [id=1688]

VM state:not at safepoint (normal execution)

VM Mutex/Monitor currently owned by a thread: None

Heap
 def new generation   total 4864K, used 1932K [0x1ac00000, 0x1b140000, 0x200a0000)
  eden space 4352K,  42% used [0x1ac00000, 0x1adce888, 0x1b040000)
  from space 512K,  16% used [0x1b040000, 0x1b054948, 0x1b0c0000)
  to   space 512K,   0% used [0x1b0c0000, 0x1b0c0000, 0x1b140000)
 tenured generation   total 10880K, used 4970K [0x200a0000, 0x20b40000, 0x2aa00000)
   the space 10880K,  45% used [0x200a0000, 0x2057a890, 0x2057aa00, 0x20b40000)
 compacting perm gen  total 12288K, used 1465K [0x2aa00000, 0x2b600000, 0x2ea00000)
   the space 12288K,  11% used [0x2aa00000, 0x2ab6e458, 0x2ab6e600, 0x2b600000)
    ro space 10240K,  44% used [0x2ea00000, 0x2ee7c1d8, 0x2ee7c200, 0x2f400000)
    rw space 12288K,  52% used [0x2f400000, 0x2fa440c0, 0x2fa44200, 0x30000000)

Card table byte_map: [0x02a90000,0x02b40000] byte_map_base: 0x029ba000

Polling page: 0x008e0000

Code Cache  [0x00910000, 0x00ac8000, 0x02910000)
 total_blobs=1072 nmethods=840 adapters=168 free_code_cache=31034Kb largest_free_block=31778816

Compilation events (10 events):
Event: 861.457 Thread 0x02a1e800  836             javax.swing.event.EventListenerList::getListenerList (5 bytes)
Event: 861.457 Thread 0x02a1e800 nmethod 836 0x00abee08 code [0x00abef00, 0x00abef80]
Event: 863.192 Thread 0x02a1e800  837             javax.swing.RepaintManager$3::<init> (38 bytes)
Event: 863.192 Thread 0x02a1e800 nmethod 837 0x00abefc8 code [0x00abf0c0, 0x00abf1a0]
Event: 863.192 Thread 0x02a1e800  838             javax.swing.RepaintManager$3::run (5 bytes)
Event: 863.192 Thread 0x02a1e800 nmethod 838 0x00abf208 code [0x00abf300, 0x00abf38c]
Event: 863.192 Thread 0x02a1e800  839   !         javax.swing.RepaintManager$3::run (272 bytes)
Event: 863.193 Thread 0x02a1e800 nmethod 839 0x00abf408 code [0x00abf600, 0x00abfb98]
Event: 863.360 Thread 0x02a1e800  840   !         sun.jdbc.odbc.JdbcOdbcObject::BytesToChars (127 bytes)
Event: 863.361 Thread 0x02a1e800 nmethod 840 0x00ac0108 code [0x00ac02f0, 0x00ac0c50]

GC Heap History (10 events):
Event: 0.266 GC heap before
{Heap before GC invocations=1 (full 0):
 def new generation   total 4864K, used 4864K [0x1ac00000, 0x1b140000, 0x200a0000)
  eden space 4352K, 100% used [0x1ac00000, 0x1b040000, 0x1b040000)
  from space 512K, 100% used [0x1b0c0000, 0x1b140000, 0x1b140000)
  to   space 512K,   0% used [0x1b040000, 0x1b040000, 0x1b0c0000)
 tenured generation   total 10880K, used 1377K [0x200a0000, 0x20b40000, 0x2aa00000)
   the space 10880K,  12% used [0x200a0000, 0x201f8588, 0x201f8600, 0x20b40000)
 compacting perm gen  total 12288K, used 1136K [0x2aa00000, 0x2b600000, 0x2ea00000)
   the space 12288K,   9% used [0x2aa00000, 0x2ab1c3c8, 0x2ab1c400, 0x2b600000)
    ro space 10240K,  44% used [0x2ea00000, 0x2ee7c1d8, 0x2ee7c200, 0x2f400000)
    rw space 12288K,  52% used [0x2f400000, 0x2fa440c0, 0x2fa44200, 0x30000000)
Event: 0.270 GC heap after
Heap after GC invocations=2 (full 0):
 def new generation   total 4864K, used 512K [0x1ac00000, 0x1b140000, 0x200a0000)
  eden space 4352K,   0% used [0x1ac00000, 0x1ac00000, 0x1b040000)
  from space 512K, 100% used [0x1b040000, 0x1b0c0000, 0x1b0c0000)
  to   space 512K,   0% used [0x1b0c0000, 0x1b0c0000, 0x1b140000)
 tenured generation   total 10880K, used 1955K [0x200a0000, 0x20b40000, 0x2aa00000)
   the space 10880K,  17% used [0x200a0000, 0x20288ef8, 0x20289000, 0x20b40000)
 compacting perm gen  total 12288K, used 1136K [0x2aa00000, 0x2b600000, 0x2ea00000)
   the space 12288K,   9% used [0x2aa00000, 0x2ab1c3c8, 0x2ab1c400, 0x2b600000)
    ro space 10240K,  44% used [0x2ea00000, 0x2ee7c1d8, 0x2ee7c200, 0x2f400000)
    rw space 12288K,  52% used [0x2f400000, 0x2fa440c0, 0x2fa44200, 0x30000000)
}
Event: 26.148 GC heap before
{Heap before GC invocations=2 (full 0):
 def new generation   total 4864K, used 4063K [0x1ac00000, 0x1b140000, 0x200a0000)
  eden space 4352K,  81% used [0x1ac00000, 0x1af77e10, 0x1b040000)
  from space 512K, 100% used [0x1b040000, 0x1b0c0000, 0x1b0c0000)
  to   space 512K,   0% used [0x1b0c0000, 0x1b0c0000, 0x1b140000)
 tenured generation   total 10880K, used 1955K [0x200a0000, 0x20b40000, 0x2aa00000)
   the space 10880K,  17% used [0x200a0000, 0x20288ef8, 0x20289000, 0x20b40000)
 compacting perm gen  total 12288K, used 1433K [0x2aa00000, 0x2b600000, 0x2ea00000)
   the space 12288K,  11% used [0x2aa00000, 0x2ab66660, 0x2ab66800, 0x2b600000)
    ro space 10240K,  44% used [0x2ea00000, 0x2ee7c1d8, 0x2ee7c200, 0x2f400000)
    rw space 12288K,  52% used [0x2f400000, 0x2fa440c0, 0x2fa44200, 0x30000000)
Event: 26.153 GC heap after
Heap after GC invocations=3 (full 0):
 def new generation   total 4864K, used 232K [0x1ac00000, 0x1b140000, 0x200a0000)
  eden space 4352K,   0% used [0x1ac00000, 0x1ac00000, 0x1b040000)
  from space 512K,  45% used [0x1b0c0000, 0x1b0fa338, 0x1b140000)
  to   space 512K,   0% used [0x1b040000, 0x1b040000, 0x1b0c0000)
 tenured generation   total 10880K, used 3410K [0x200a0000, 0x20b40000, 0x2aa00000)
   the space 10880K,  31% used [0x200a0000, 0x203f4980, 0x203f4a00, 0x20b40000)
 compacting perm gen  total 12288K, used 1433K [0x2aa00000, 0x2b600000, 0x2ea00000)
   the space 12288K,  11% used [0x2aa00000, 0x2ab66660, 0x2ab66800, 0x2b600000)
    ro space 10240K,  44% used [0x2ea00000, 0x2ee7c1d8, 0x2ee7c200, 0x2f400000)
    rw space 12288K,  52% used [0x2f400000, 0x2fa440c0, 0x2fa44200, 0x30000000)
}
Event: 242.496 GC heap before
{Heap before GC invocations=3 (full 0):
 def new generation   total 4864K, used 4584K [0x1ac00000, 0x1b140000, 0x200a0000)
  eden space 4352K, 100% used [0x1ac00000, 0x1b040000, 0x1b040000)
  from space 512K,  45% used [0x1b0c0000, 0x1b0fa338, 0x1b140000)
  to   space 512K,   0% used [0x1b040000, 0x1b040000, 0x1b0c0000)
 tenured generation   total 10880K, used 3410K [0x200a0000, 0x20b40000, 0x2aa00000)
   the space 10880K,  31% used [0x200a0000, 0x203f4980, 0x203f4a00, 0x20b40000)
 compacting perm gen  total 12288K, used 1452K [0x2aa00000, 0x2b600000, 0x2ea00000)
   the space 12288K,  11% used [0x2aa00000, 0x2ab6b0b8, 0x2ab6b200, 0x2b600000)
    ro space 10240K,  44% used [0x2ea00000, 0x2ee7c1d8, 0x2ee7c200, 0x2f400000)
    rw space 12288K,  52% used [0x2f400000, 0x2fa440c0, 0x2fa44200, 0x30000000)
Event: 242.498 GC heap after
Heap after GC invocations=4 (full 0):
 def new generation   total 4864K, used 382K [0x1ac00000, 0x1b140000, 0x200a0000)
  eden space 4352K,   0% used [0x1ac00000, 0x1ac00000, 0x1b040000)
  from space 512K,  74% used [0x1b040000, 0x1b09f870, 0x1b0c0000)
  to   space 512K,   0% used [0x1b0c0000, 0x1b0c0000, 0x1b140000)
 tenured generation   total 10880K, used 4768K [0x200a0000, 0x20b40000, 0x2aa00000)
   the space 10880K,  43% used [0x200a0000, 0x20548000, 0x20548000, 0x20b40000)
 compacting perm gen  total 12288K, used 1452K [0x2aa00000, 0x2b600000, 0x2ea00000)
   the space 12288K,  11% used [0x2aa00000, 0x2ab6b0b8, 0x2ab6b200, 0x2b600000)
    ro space 10240K,  44% used [0x2ea00000, 0x2ee7c1d8, 0x2ee7c200, 0x2f400000)
    rw space 12288K,  52% used [0x2f400000, 0x2fa440c0, 0x2fa44200, 0x30000000)
}
Event: 495.537 GC heap before
{Heap before GC invocations=4 (full 0):
 def new generation   total 4864K, used 4734K [0x1ac00000, 0x1b140000, 0x200a0000)
  eden space 4352K, 100% used [0x1ac00000, 0x1b040000, 0x1b040000)
  from space 512K,  74% used [0x1b040000, 0x1b09f870, 0x1b0c0000)
  to   space 512K,   0% used [0x1b0c0000, 0x1b0c0000, 0x1b140000)
 tenured generation   total 10880K, used 4768K [0x200a0000, 0x20b40000, 0x2aa00000)
   the space 10880K,  43% used [0x200a0000, 0x20548000, 0x20548000, 0x20b40000)
 compacting perm gen  total 12288K, used 1453K [0x2aa00000, 0x2b600000, 0x2ea00000)
   the space 12288K,  11% used [0x2aa00000, 0x2ab6b778, 0x2ab6b800, 0x2b600000)
    ro space 10240K,  44% used [0x2ea00000, 0x2ee7c1d8, 0x2ee7c200, 0x2f400000)
    rw space 12288K,  52% used [0x2f400000, 0x2fa440c0, 0x2fa44200, 0x30000000)
Event: 495.538 GC heap after
Heap after GC invocations=5 (full 0):
 def new generation   total 4864K, used 103K [0x1ac00000, 0x1b140000, 0x200a0000)
  eden space 4352K,   0% used [0x1ac00000, 0x1ac00000, 0x1b040000)
  from space 512K,  20% used [0x1b0c0000, 0x1b0d9e28, 0x1b140000)
  to   space 512K,   0% used [0x1b040000, 0x1b040000, 0x1b0c0000)
 tenured generation   total 10880K, used 4970K [0x200a0000, 0x20b40000, 0x2aa00000)
   the space 10880K,  45% used [0x200a0000, 0x2057a890, 0x2057aa00, 0x20b40000)
 compacting perm gen  total 12288K, used 1453K [0x2aa00000, 0x2b600000, 0x2ea00000)
   the space 12288K,  11% used [0x2aa00000, 0x2ab6b778, 0x2ab6b800, 0x2b600000)
    ro space 10240K,  44% used [0x2ea00000, 0x2ee7c1d8, 0x2ee7c200, 0x2f400000)
    rw space 12288K,  52% used [0x2f400000, 0x2fa440c0, 0x2fa44200, 0x30000000)
}
Event: 804.726 GC heap before
{Heap before GC invocations=5 (full 0):
 def new generation   total 4864K, used 4455K [0x1ac00000, 0x1b140000, 0x200a0000)
  eden space 4352K, 100% used [0x1ac00000, 0x1b040000, 0x1b040000)
  from space 512K,  20% used [0x1b0c0000, 0x1b0d9e28, 0x1b140000)
  to   space 512K,   0% used [0x1b040000, 0x1b040000, 0x1b0c0000)
 tenured generation   total 10880K, used 4970K [0x200a0000, 0x20b40000, 0x2aa00000)
   the space 10880K,  45% used [0x200a0000, 0x2057a890, 0x2057aa00, 0x20b40000)
 compacting perm gen  total 12288K, used 1464K [0x2aa00000, 0x2b600000, 0x2ea00000)
   the space 12288K,  11% used [0x2aa00000, 0x2ab6e3b8, 0x2ab6e400, 0x2b600000)
    ro space 10240K,  44% used [0x2ea00000, 0x2ee7c1d8, 0x2ee7c200, 0x2f400000)
    rw space 12288K,  52% used [0x2f400000, 0x2fa440c0, 0x2fa44200, 0x30000000)
Event: 804.727 GC heap after
Heap after GC invocations=6 (full 0):
 def new generation   total 4864K, used 82K [0x1ac00000, 0x1b140000, 0x200a0000)
  eden space 4352K,   0% used [0x1ac00000, 0x1ac00000, 0x1b040000)
  from space 512K,  16% used [0x1b040000, 0x1b054948, 0x1b0c0000)
  to   space 512K,   0% used [0x1b0c0000, 0x1b0c0000, 0x1b140000)
 tenured generation   total 10880K, used 4970K [0x200a0000, 0x20b40000, 0x2aa00000)
   the space 10880K,  45% used [0x200a0000, 0x2057a890, 0x2057aa00, 0x20b40000)
 compacting perm gen  total 12288K, used 1464K [0x2aa00000, 0x2b600000, 0x2ea00000)
   the space 12288K,  11% used [0x2aa00000, 0x2ab6e3b8, 0x2ab6e400, 0x2b600000)
    ro space 10240K,  44% used [0x2ea00000, 0x2ee7c1d8, 0x2ee7c200, 0x2f400000)
    rw space 12288K,  52% used [0x2f400000, 0x2fa440c0, 0x2fa44200, 0x30000000)
}

Deoptimization events (0 events):
No events

Internal exceptions (10 events):
Event: 0.126 Thread 0x003e9800 Threw 0x1af4a988 at C:\re\jdk7u79\2331\hotspot\src\share\vm\prims\jvm.cpp:1304
Event: 0.126 Thread 0x003e9800 Threw 0x1af4bed8 at C:\re\jdk7u79\2331\hotspot\src\share\vm\prims\jvm.cpp:1304
Event: 0.127 Thread 0x003e9800 Threw 0x1af4d890 at C:\re\jdk7u79\2331\hotspot\src\share\vm\prims\jvm.cpp:1304
Event: 0.127 Thread 0x003e9800 Threw 0x1af4e750 at C:\re\jdk7u79\2331\hotspot\src\share\vm\prims\jvm.cpp:1304
Event: 26.140 Thread 0x0305c400 Threw 0x1af67c68 at C:\re\jdk7u79\2331\hotspot\src\share\vm\prims\jvm.cpp:1304
Event: 26.142 Thread 0x0305c400 Threw 0x1af6e230 at C:\re\jdk7u79\2331\hotspot\src\share\vm\prims\jvm.cpp:1304
Event: 26.142 Thread 0x0305c400 Threw 0x1af6efb0 at C:\re\jdk7u79\2331\hotspot\src\share\vm\prims\jvm.cpp:1304
Event: 26.142 Thread 0x0305c400 Threw 0x1af6fd90 at C:\re\jdk7u79\2331\hotspot\src\share\vm\prims\jvm.cpp:1304
Event: 29.172 Thread 0x0305c400 Threw 0x1ad043d0 at C:\re\jdk7u79\2331\hotspot\src\share\vm\prims\jvm.cpp:1304
Event: 29.177 Thread 0x0305c400 Threw 0x1ad1b5d8 at C:\re\jdk7u79\2331\hotspot\src\share\vm\prims\jvm.cpp:1304

Events (10 events):
Event: 829.011 Executing VM operation: RevokeBias
Event: 829.011 Executing VM operation: RevokeBias done
Event: 829.018 Executing VM operation: BulkRevokeBias
Event: 829.018 Executing VM operation: BulkRevokeBias done
Event: 852.474 Executing VM operation: RevokeBias
Event: 852.474 Executing VM operation: RevokeBias done
Event: 852.474 Executing VM operation: RevokeBias
Event: 852.474 Executing VM operation: RevokeBias done
Event: 852.483 Executing VM operation: BulkRevokeBias
Event: 852.483 Executing VM operation: BulkRevokeBias done


Dynamic libraries:
0x00400000 - 0x0042f000 	C:\Program Files\Java\jdk1.7.0_79\bin\java.exe
0x7c900000 - 0x7c9b2000 	C:\WINDOWS\system32\ntdll.dll
0x7c800000 - 0x7c8f6000 	C:\WINDOWS\system32\kernel32.dll
0x77dd0000 - 0x77e6b000 	C:\WINDOWS\system32\ADVAPI32.dll
0x77e70000 - 0x77f03000 	C:\WINDOWS\system32\RPCRT4.dll
0x77fe0000 - 0x77ff1000 	C:\WINDOWS\system32\Secur32.dll
0x7e410000 - 0x7e4a1000 	C:\WINDOWS\system32\USER32.dll
0x77f10000 - 0x77f59000 	C:\WINDOWS\system32\GDI32.dll
0x773d0000 - 0x774d3000 	C:\WINDOWS\WinSxS\x86_Microsoft.Windows.Common-Controls_6595b64144ccf1df_6.0.2600.6028_x-ww_61e65202\COMCTL32.dll
0x77c10000 - 0x77c68000 	C:\WINDOWS\system32\msvcrt.dll
0x77f60000 - 0x77fd6000 	C:\WINDOWS\system32\SHLWAPI.dll
0x76390000 - 0x763ad000 	C:\WINDOWS\system32\IMM32.DLL
0x629c0000 - 0x629c9000 	C:\WINDOWS\system32\LPK.DLL
0x74d90000 - 0x74dfb000 	C:\WINDOWS\system32\USP10.dll
0x78aa0000 - 0x78b5f000 	C:\Program Files\Java\jdk1.7.0_79\jre\bin\msvcr100.dll
0x6e8d0000 - 0x6ec59000 	C:\Program Files\Java\jdk1.7.0_79\jre\bin\client\jvm.dll
0x71ad0000 - 0x71ad9000 	C:\WINDOWS\system32\WSOCK32.dll
0x71ab0000 - 0x71ac7000 	C:\WINDOWS\system32\WS2_32.dll
0x71aa0000 - 0x71aa8000 	C:\WINDOWS\system32\WS2HELP.dll
0x76b40000 - 0x76b6d000 	C:\WINDOWS\system32\WINMM.dll
0x76bf0000 - 0x76bfb000 	C:\WINDOWS\system32\PSAPI.DLL
0x6e820000 - 0x6e82c000 	C:\Program Files\Java\jdk1.7.0_79\jre\bin\verify.dll
0x6d590000 - 0x6d5b0000 	C:\Program Files\Java\jdk1.7.0_79\jre\bin\java.dll
0x6e8b0000 - 0x6e8c3000 	C:\Program Files\Java\jdk1.7.0_79\jre\bin\zip.dll
0x6d110000 - 0x6d253000 	C:\Program Files\Java\jdk1.7.0_79\jre\bin\awt.dll
0x77120000 - 0x771ab000 	C:\WINDOWS\system32\OLEAUT32.dll
0x774e0000 - 0x7761e000 	C:\WINDOWS\system32\ole32.dll
0x5ad70000 - 0x5ada8000 	C:\WINDOWS\system32\uxtheme.dll
0x74720000 - 0x7476c000 	C:\WINDOWS\system32\MSCTF.dll
0x755c0000 - 0x755ee000 	C:\WINDOWS\system32\msctfime.ime
0x7c9c0000 - 0x7d1d8000 	C:\WINDOWS\system32\SHELL32.dll
0x6d6c0000 - 0x6d6ce000 	C:\Program Files\Java\jdk1.7.0_79\jre\bin\JdbcOdbc.dll
0x74320000 - 0x7435e000 	C:\WINDOWS\system32\ODBC32.dll
0x763b0000 - 0x763f9000 	C:\WINDOWS\system32\comdlg32.dll
0x03340000 - 0x03357000 	C:\WINDOWS\system32\odbcint.dll
0x4dd40000 - 0x4dd84000 	C:\WINDOWS\system32\odbcjt32.dll
0x03360000 - 0x034d1000 	C:\WINDOWS\system32\msjet40.dll
0x034e0000 - 0x03575000 	C:\WINDOWS\system32\mswstr10.dll
0x5d130000 - 0x5d13e000 	C:\WINDOWS\system32\odbcji32.dll
0x035a0000 - 0x035ad000 	C:\WINDOWS\system32\msjter40.dll
0x035b0000 - 0x035d6000 	C:\WINDOWS\system32\MSJINT40.DLL
0x76fd0000 - 0x7704f000 	C:\WINDOWS\system32\CLBCATQ.DLL
0x77050000 - 0x77115000 	C:\WINDOWS\system32\COMRes.dll
0x77c00000 - 0x77c08000 	C:\WINDOWS\system32\VERSION.dll
0x08600000 - 0x0863a000 	C:\WINDOWS\system32\msjtes40.dll
0x0f9a0000 - 0x0f9ab000 	C:\WINDOWS\system32\VBAJET32.DLL
0x0f9c0000 - 0x0fa22000 	C:\WINDOWS\system32\expsrv.dll
0x6e350000 - 0x6e375000 	C:\Program Files\Java\jdk1.7.0_79\jre\bin\jpeg.dll
0x6d380000 - 0x6d3b9000 	C:\Program Files\Java\jdk1.7.0_79\jre\bin\fontmanager.dll
0x6e5f0000 - 0x6e604000 	C:\Program Files\Java\jdk1.7.0_79\jre\bin\net.dll
0x6e610000 - 0x6e61f000 	C:\Program Files\Java\jdk1.7.0_79\jre\bin\nio.dll
0x6e7d0000 - 0x6e800000 	C:\Program Files\Java\jdk1.7.0_79\jre\bin\t2k.dll
0x59a60000 - 0x59b01000 	C:\WINDOWS\system32\dbghelp.dll

VM Arguments:
java_command: frm1
Launcher Type: SUN_STANDARD

Environment Variables:
JAVA_HOME=C:\Program Files\Java\jdk1.7.0_79
PATH=C:\Program Files\Java\jdk1.7.0_79\bin;C:\WINDOWS\system32;C:\WINDOWS;C:\WINDOWS\System32\Wbem;C:\Program Files\Microsoft Visual Studio\Common\Tools\WinNT;C:\Program Files\Microsoft Visual Studio\Common\MSDev98\Bin;C:\Program Files\Microsoft Visual Studio\Common\Tools;C:\Program Files\Microsoft Visual Studio\VC98\bin;C:\Program Files\Java\jdk1.7.0_79\bin;C:\WINDOWS\system32;C:\WINDOWS;C:\WINDOWS\System32\Wbem;C:\TC\BIN
USERNAME=BSD
OS=Windows_NT
PROCESSOR_IDENTIFIER=x86 Family 6 Model 23 Stepping 10, GenuineIntel



---------------  S Y S T E M  ---------------

OS: Windows XP Build 2600 Service Pack 3

CPU:total 2 (2 cores per cpu, 1 threads per core) family 6 model 23 stepping 10, cmov, cx8, fxsr, mmx, sse, sse2, sse3, ssse3, sse4.1, tsc

Memory: 4k page, physical 1037420k(695612k free), swap 1712452k(1475388k free)

vm_info: Java HotSpot(TM) Client VM (24.79-b02) for windows-x86 JRE (1.7.0_79-b15), built on Apr 10 2015 16:49:13 by "java_re" with unknown MS VC++:1600

time: Sun Apr 01 13:11:03 2018
elapsed time: 863 seconds

